<?xml version="1.0" encoding="UTF-8"?>
<!-- Generated by org.testng.reporters.JUnitReportReporter -->
<testsuite hostname="Anwayas-MacBook-Pro.local" failures="0" tests="1" name="interviewPrep.TC_002_TestlinksMybookings_MyProfile_Logout" time="45.703" errors="0" timestamp="2023-08-10T13:18:01 IST" skipped="0">
  <testcase classname="interviewPrep.TC_002_TestlinksMybookings_MyProfile_Logout" name="login" time="45.703"/>
  <system-out/>
</testsuite> <!-- interviewPrep.TC_002_TestlinksMybookings_MyProfile_Logout -->
