<?xml version="1.0" encoding="UTF-8"?>
<!-- Generated by org.testng.reporters.JUnitReportReporter -->
<testsuite hostname="Anwayas-MacBook-Pro.local" failures="0" tests="1" name="interviewPrep.TC_003_TestLinks_Hotels_Flights_Trours_Blog_Visa_Offers" time="61.270" errors="0" timestamp="2023-08-10T14:30:29 IST" skipped="0">
  <testcase classname="interviewPrep.TC_003_TestLinks_Hotels_Flights_Trours_Blog_Visa_Offers" name="login" time="61.270"/>
  <system-out/>
</testsuite> <!-- interviewPrep.TC_003_TestLinks_Hotels_Flights_Trours_Blog_Visa_Offers -->
