<?xml version="1.0" encoding="UTF-8"?>
<!-- Generated by org.testng.reporters.JUnitReportReporter -->
<testsuite hostname="Anwayas-MacBook-Pro.local" failures="0" tests="1" name="interviewPrep.TC_004_SearchHotelsByCity" time="43.079" errors="0" timestamp="2023-08-10T14:44:41 IST" skipped="0">
  <testcase classname="interviewPrep.TC_004_SearchHotelsByCity" name="login" time="43.079"/>
  <system-out/>
</testsuite> <!-- interviewPrep.TC_004_SearchHotelsByCity -->
